<?xml version="1.0" encoding="UTF-8" ?>
<testsuite errors="0" failures="0" hostname="LAPTOP-98L6HITO" name="RationalTest" skipped="0" tests="7" time="0.035" timestamp="2023-09-12T14:29:47">
  <properties>
[...]
</properties>
  <testcase classname="RationalTest" name="testdivide" time="0.004" />
  <testcase classname="RationalTest" name="testequals" time="0.0" />
  <testcase classname="RationalTest" name="testAdd" time="0.0" />
  <testcase classname="RationalTest" name="testsubtract" time="0.001" />
  <testcase classname="RationalTest" name="testtoStringo" time="0.003" />
  <testcase classname="RationalTest" name="testmultiply" time="0.0" />
  <testcase classname="RationalTest" name="testcompareTo" time="0.0" />
  <system-out><![CDATA[]]></system-out>
  <system-err><![CDATA[]]></system-err>
</testsuite>
