<?xml version="1.0" encoding="UTF-8" ?>
<testsuite tests="7" failures="0" name="RationalTest" time="0.005" errors="0" skipped="0">
  <properties>
[...]
</properties>
  <testcase classname="RationalTest" name="testdivide" time="0.004"/>
  <testcase classname="RationalTest" name="testequals" time="0.001"/>
  <testcase classname="RationalTest" name="testAdd" time="0"/>
  <testcase classname="RationalTest" name="testsubtract" time="0"/>
  <testcase classname="RationalTest" name="testtoStringo" time="0"/>
  <testcase classname="RationalTest" name="testmultiply" time="0"/>
  <testcase classname="RationalTest" name="testcompareTo" time="0"/>
</testsuite>